Analysis & Synthesis report for lab1
Thu Sep 22 10:17:02 2016
Quartus II 64-Bit Version 15.0.0 Build 145 04/22/2015 SJ Web Edition


---------------------
; Table of Contents ;
---------------------
  1. Legal Notice
  2. Analysis & Synthesis Summary
  3. Analysis & Synthesis Settings
  4. Parallel Compilation
  5. Analysis & Synthesis Source Files Read
  6. Analysis & Synthesis Resource Usage Summary
  7. Analysis & Synthesis Resource Utilization by Entity
  8. Registers Removed During Synthesis
  9. General Register Statistics
 10. Inverted Register Statistics
 11. Multiplexer Restructuring Statistics (Restructuring Performed)
 12. Parameter Settings for User Entity Instance: datapath:dp|flipflope:moneyerrff
 13. Parameter Settings for User Entity Instance: datapath:dp|flipflope:playerreg_1
 14. Parameter Settings for User Entity Instance: datapath:dp|flipflope:playerreg_2
 15. Parameter Settings for User Entity Instance: datapath:dp|flipflope:playerreg_3
 16. Parameter Settings for User Entity Instance: datapath:dp|flipflope:dealerreg_1
 17. Parameter Settings for User Entity Instance: datapath:dp|flipflope:dealerreg_2
 18. Parameter Settings for User Entity Instance: datapath:dp|flipflope:dealerreg_3
 19. Parameter Settings for User Entity Instance: datapath:dp|flipflope:bettypereg
 20. Parameter Settings for User Entity Instance: datapath:dp|flipflope:betamtreg
 21. Parameter Settings for User Entity Instance: statemachine:statem|flipflop:stateff
 22. Parameter Settings for Inferred Entity Instance: datapath:dp|scorehand:playerscore|lpm_divide:Mod0
 23. Parameter Settings for Inferred Entity Instance: datapath:dp|scorehand:dealerscore|lpm_divide:Mod0
 24. Port Connectivity Checks: "statemachine:statem|flipflop:stateff"
 25. Post-Synthesis Netlist Statistics for Top Partition
 26. Elapsed Time Per Partition
 27. Analysis & Synthesis Messages
 28. Analysis & Synthesis Suppressed Messages



----------------
; Legal Notice ;
----------------
Copyright (C) 1991-2015 Altera Corporation. All rights reserved.
Your use of Altera Corporation's design tools, logic functions 
and other software and tools, and its AMPP partner logic 
functions, and any output files from any of the foregoing 
(including device programming or simulation files), and any 
associated documentation or information are expressly subject 
to the terms and conditions of the Altera Program License 
Subscription Agreement, the Altera Quartus II License Agreement,
the Altera MegaCore Function License Agreement, or other 
applicable license agreement, including, without limitation, 
that your use is for the sole purpose of programming logic 
devices manufactured by Altera and sold by Altera or its 
authorized distributors.  Please refer to the applicable 
agreement for further details.



+------------------------------------------------------------------------------+
; Analysis & Synthesis Summary                                                 ;
+---------------------------------+--------------------------------------------+
; Analysis & Synthesis Status     ; Successful - Thu Sep 22 10:17:02 2016      ;
; Quartus II 64-Bit Version       ; 15.0.0 Build 145 04/22/2015 SJ Web Edition ;
; Revision Name                   ; lab1                                       ;
; Top-level Entity Name           ; lab1                                       ;
; Family                          ; Cyclone V                                  ;
; Logic utilization (in ALMs)     ; N/A                                        ;
; Total registers                 ; 51                                         ;
; Total pins                      ; 67                                         ;
; Total virtual pins              ; 0                                          ;
; Total block memory bits         ; 0                                          ;
; Total DSP Blocks                ; 0                                          ;
; Total HSSI RX PCSs              ; 0                                          ;
; Total HSSI PMA RX Deserializers ; 0                                          ;
; Total HSSI TX PCSs              ; 0                                          ;
; Total HSSI PMA TX Serializers   ; 0                                          ;
; Total PLLs                      ; 0                                          ;
; Total DLLs                      ; 0                                          ;
+---------------------------------+--------------------------------------------+


+---------------------------------------------------------------------------------------------------------------------------+
; Analysis & Synthesis Settings                                                                                             ;
+---------------------------------------------------------------------------------+--------------------+--------------------+
; Option                                                                          ; Setting            ; Default Value      ;
+---------------------------------------------------------------------------------+--------------------+--------------------+
; Device                                                                          ; 5CSEMA5F31C6       ;                    ;
; Top-level entity name                                                           ; lab1               ; lab1               ;
; Family name                                                                     ; Cyclone V          ; Cyclone V          ;
; Verilog Show LMF Mapping Messages                                               ; Off                ;                    ;
; Verilog Version                                                                 ; SystemVerilog_2005 ; Verilog_2001       ;
; Use smart compilation                                                           ; Off                ; Off                ;
; Enable parallel Assembler and TimeQuest Timing Analyzer during compilation      ; On                 ; On                 ;
; Enable compact report table                                                     ; Off                ; Off                ;
; Restructure Multiplexers                                                        ; Auto               ; Auto               ;
; MLAB Add Timing Constraints For Mixed-Port Feed-Through Mode Setting Don't Care ; Off                ; Off                ;
; Create Debugging Nodes for IP Cores                                             ; Off                ; Off                ;
; Preserve fewer node names                                                       ; On                 ; On                 ;
; Disable OpenCore Plus hardware evaluation                                       ; Off                ; Off                ;
; VHDL Version                                                                    ; VHDL_1993          ; VHDL_1993          ;
; State Machine Processing                                                        ; Auto               ; Auto               ;
; Safe State Machine                                                              ; Off                ; Off                ;
; Extract Verilog State Machines                                                  ; On                 ; On                 ;
; Extract VHDL State Machines                                                     ; On                 ; On                 ;
; Ignore Verilog initial constructs                                               ; Off                ; Off                ;
; Iteration limit for constant Verilog loops                                      ; 5000               ; 5000               ;
; Iteration limit for non-constant Verilog loops                                  ; 250                ; 250                ;
; Add Pass-Through Logic to Inferred RAMs                                         ; On                 ; On                 ;
; Infer RAMs from Raw Logic                                                       ; On                 ; On                 ;
; Parallel Synthesis                                                              ; On                 ; On                 ;
; DSP Block Balancing                                                             ; Auto               ; Auto               ;
; NOT Gate Push-Back                                                              ; On                 ; On                 ;
; Power-Up Don't Care                                                             ; On                 ; On                 ;
; Remove Redundant Logic Cells                                                    ; Off                ; Off                ;
; Remove Duplicate Registers                                                      ; On                 ; On                 ;
; Ignore CARRY Buffers                                                            ; Off                ; Off                ;
; Ignore CASCADE Buffers                                                          ; Off                ; Off                ;
; Ignore GLOBAL Buffers                                                           ; Off                ; Off                ;
; Ignore ROW GLOBAL Buffers                                                       ; Off                ; Off                ;
; Ignore LCELL Buffers                                                            ; Off                ; Off                ;
; Ignore SOFT Buffers                                                             ; On                 ; On                 ;
; Limit AHDL Integers to 32 Bits                                                  ; Off                ; Off                ;
; Optimization Technique                                                          ; Balanced           ; Balanced           ;
; Carry Chain Length                                                              ; 70                 ; 70                 ;
; Auto Carry Chains                                                               ; On                 ; On                 ;
; Auto Open-Drain Pins                                                            ; On                 ; On                 ;
; Perform WYSIWYG Primitive Resynthesis                                           ; Off                ; Off                ;
; Auto ROM Replacement                                                            ; On                 ; On                 ;
; Auto RAM Replacement                                                            ; On                 ; On                 ;
; Auto DSP Block Replacement                                                      ; On                 ; On                 ;
; Auto Shift Register Replacement                                                 ; Auto               ; Auto               ;
; Allow Shift Register Merging across Hierarchies                                 ; Auto               ; Auto               ;
; Auto Clock Enable Replacement                                                   ; On                 ; On                 ;
; Strict RAM Replacement                                                          ; Off                ; Off                ;
; Allow Synchronous Control Signals                                               ; On                 ; On                 ;
; Force Use of Synchronous Clear Signals                                          ; Off                ; Off                ;
; Auto Resource Sharing                                                           ; Off                ; Off                ;
; Allow Any RAM Size For Recognition                                              ; Off                ; Off                ;
; Allow Any ROM Size For Recognition                                              ; Off                ; Off                ;
; Allow Any Shift Register Size For Recognition                                   ; Off                ; Off                ;
; Use LogicLock Constraints during Resource Balancing                             ; On                 ; On                 ;
; Ignore translate_off and synthesis_off directives                               ; Off                ; Off                ;
; Timing-Driven Synthesis                                                         ; On                 ; On                 ;
; Report Parameter Settings                                                       ; On                 ; On                 ;
; Report Source Assignments                                                       ; On                 ; On                 ;
; Report Connectivity Checks                                                      ; On                 ; On                 ;
; Ignore Maximum Fan-Out Assignments                                              ; Off                ; Off                ;
; Synchronization Register Chain Length                                           ; 3                  ; 3                  ;
; PowerPlay Power Optimization During Synthesis                                   ; Normal compilation ; Normal compilation ;
; HDL message level                                                               ; Level2             ; Level2             ;
; Suppress Register Optimization Related Messages                                 ; Off                ; Off                ;
; Number of Removed Registers Reported in Synthesis Report                        ; 5000               ; 5000               ;
; Number of Swept Nodes Reported in Synthesis Report                              ; 5000               ; 5000               ;
; Number of Inverted Registers Reported in Synthesis Report                       ; 100                ; 100                ;
; Clock MUX Protection                                                            ; On                 ; On                 ;
; Auto Gated Clock Conversion                                                     ; Off                ; Off                ;
; Block Design Naming                                                             ; Auto               ; Auto               ;
; SDC constraint protection                                                       ; Off                ; Off                ;
; Synthesis Effort                                                                ; Auto               ; Auto               ;
; Shift Register Replacement - Allow Asynchronous Clear Signal                    ; On                 ; On                 ;
; Pre-Mapping Resynthesis Optimization                                            ; Off                ; Off                ;
; Analysis & Synthesis Message Level                                              ; Medium             ; Medium             ;
; Disable Register Merging Across Hierarchies                                     ; Auto               ; Auto               ;
; Resource Aware Inference For Block RAM                                          ; On                 ; On                 ;
; Synthesis Seed                                                                  ; 1                  ; 1                  ;
; Automatic Parallel Synthesis                                                    ; On                 ; On                 ;
; Partial Reconfiguration Bitstream ID                                            ; Off                ; Off                ;
+---------------------------------------------------------------------------------+--------------------+--------------------+


Parallel compilation was disabled, but you have multiple processors available. Enable parallel compilation to reduce compilation time.
+-------------------------------------+
; Parallel Compilation                ;
+----------------------------+--------+
; Processors                 ; Number ;
+----------------------------+--------+
; Number detected on machine ; 4      ;
; Maximum allowed            ; 1      ;
+----------------------------+--------+


+---------------------------------------------------------------------------------------------------------------------------------------------------------------------------------------+
; Analysis & Synthesis Source Files Read                                                                                                                                                ;
+----------------------------------+-----------------+------------------------------+-----------------------------------------------------------------------------------------+---------+
; File Name with User-Entered Path ; Used in Netlist ; File Type                    ; File Name with Absolute Path                                                            ; Library ;
+----------------------------------+-----------------+------------------------------+-----------------------------------------------------------------------------------------+---------+
; updatebalance.v                  ; yes             ; User Verilog HDL File        ; C:/Users/Peter/Desktop/LocalCPENGitRepo/CPEN311/lab1/Task3.4/updatebalance.v            ;         ;
; statemachine.v                   ; yes             ; User Verilog HDL File        ; C:/Users/Peter/Desktop/LocalCPENGitRepo/CPEN311/lab1/Task3.4/statemachine.v             ;         ;
; scorehand.v                      ; yes             ; User Verilog HDL File        ; C:/Users/Peter/Desktop/LocalCPENGitRepo/CPEN311/lab1/Task3.4/scorehand.v                ;         ;
; lab1.v                           ; yes             ; User Verilog HDL File        ; C:/Users/Peter/Desktop/LocalCPENGitRepo/CPEN311/lab1/Task3.4/lab1.v                     ;         ;
; dealcard.v                       ; yes             ; User Verilog HDL File        ; C:/Users/Peter/Desktop/LocalCPENGitRepo/CPEN311/lab1/Task3.4/dealcard.v                 ;         ;
; datapath.v                       ; yes             ; User Verilog HDL File        ; C:/Users/Peter/Desktop/LocalCPENGitRepo/CPEN311/lab1/Task3.4/datapath.v                 ;         ;
; card7seg.v                       ; yes             ; User Verilog HDL File        ; C:/Users/Peter/Desktop/LocalCPENGitRepo/CPEN311/lab1/Task3.4/card7seg.v                 ;         ;
; lpm_divide.tdf                   ; yes             ; Megafunction                 ; c:/altera/15.0/quartus/libraries/megafunctions/lpm_divide.tdf                           ;         ;
; abs_divider.inc                  ; yes             ; Megafunction                 ; c:/altera/15.0/quartus/libraries/megafunctions/abs_divider.inc                          ;         ;
; sign_div_unsign.inc              ; yes             ; Megafunction                 ; c:/altera/15.0/quartus/libraries/megafunctions/sign_div_unsign.inc                      ;         ;
; aglobal150.inc                   ; yes             ; Megafunction                 ; c:/altera/15.0/quartus/libraries/megafunctions/aglobal150.inc                           ;         ;
; db/lpm_divide_62m.tdf            ; yes             ; Auto-Generated Megafunction  ; C:/Users/Peter/Desktop/LocalCPENGitRepo/CPEN311/lab1/Task3.4/db/lpm_divide_62m.tdf      ;         ;
; db/sign_div_unsign_9kh.tdf       ; yes             ; Auto-Generated Megafunction  ; C:/Users/Peter/Desktop/LocalCPENGitRepo/CPEN311/lab1/Task3.4/db/sign_div_unsign_9kh.tdf ;         ;
; db/alt_u_div_ose.tdf             ; yes             ; Auto-Generated Megafunction  ; C:/Users/Peter/Desktop/LocalCPENGitRepo/CPEN311/lab1/Task3.4/db/alt_u_div_ose.tdf       ;         ;
+----------------------------------+-----------------+------------------------------+-----------------------------------------------------------------------------------------+---------+


+------------------------------------------------------------+
; Analysis & Synthesis Resource Usage Summary                ;
+---------------------------------------------+--------------+
; Resource                                    ; Usage        ;
+---------------------------------------------+--------------+
; Estimate of Logic utilization (ALMs needed) ; 134          ;
;                                             ;              ;
; Combinational ALUT usage for logic          ; 243          ;
;     -- 7 input functions                    ; 4            ;
;     -- 6 input functions                    ; 15           ;
;     -- 5 input functions                    ; 28           ;
;     -- 4 input functions                    ; 65           ;
;     -- <=3 input functions                  ; 131          ;
;                                             ;              ;
; Dedicated logic registers                   ; 51           ;
;                                             ;              ;
; I/O pins                                    ; 67           ;
;                                             ;              ;
; Total DSP Blocks                            ; 0            ;
;                                             ;              ;
; Maximum fan-out node                        ; KEY[0]~input ;
; Maximum fan-out                             ; 47           ;
; Total fan-out                               ; 1149         ;
; Average fan-out                             ; 2.68         ;
+---------------------------------------------+--------------+


+-------------------------------------------------------------------------------------------------------------------------------------------------------------------------------------------------------------------------------------------------------------------------------------------------+
; Analysis & Synthesis Resource Utilization by Entity                                                                                                                                                                                                                                             ;
+----------------------------------------------+-------------------+--------------+-------------------+------------+------+--------------+-----------------------------------------------------------------------------------------------------------------------------------------+--------------+
; Compilation Hierarchy Node                   ; LC Combinationals ; LC Registers ; Block Memory Bits ; DSP Blocks ; Pins ; Virtual Pins ; Full Hierarchy Name                                                                                                                     ; Library Name ;
+----------------------------------------------+-------------------+--------------+-------------------+------------+------+--------------+-----------------------------------------------------------------------------------------------------------------------------------------+--------------+
; |lab1                                        ; 243 (8)           ; 51 (0)       ; 0                 ; 0          ; 67   ; 0            ; |lab1                                                                                                                                   ; work         ;
;    |datapath:dp|                             ; 204 (0)           ; 47 (0)       ; 0                 ; 0          ; 0    ; 0            ; |lab1|datapath:dp                                                                                                                       ; work         ;
;       |betflipflop:balancer|                 ; 3 (3)             ; 8 (8)        ; 0                 ; 0          ; 0    ; 0            ; |lab1|datapath:dp|betflipflop:balancer                                                                                                  ; work         ;
;       |card7seg:dealerdsp_1|                 ; 7 (7)             ; 0 (0)        ; 0                 ; 0          ; 0    ; 0            ; |lab1|datapath:dp|card7seg:dealerdsp_1                                                                                                  ; work         ;
;       |card7seg:dealerdsp_2|                 ; 7 (7)             ; 0 (0)        ; 0                 ; 0          ; 0    ; 0            ; |lab1|datapath:dp|card7seg:dealerdsp_2                                                                                                  ; work         ;
;       |card7seg:dealerdsp_3|                 ; 7 (7)             ; 0 (0)        ; 0                 ; 0          ; 0    ; 0            ; |lab1|datapath:dp|card7seg:dealerdsp_3                                                                                                  ; work         ;
;       |card7seg:playerdsp_1|                 ; 7 (7)             ; 0 (0)        ; 0                 ; 0          ; 0    ; 0            ; |lab1|datapath:dp|card7seg:playerdsp_1                                                                                                  ; work         ;
;       |card7seg:playerdsp_2|                 ; 7 (7)             ; 0 (0)        ; 0                 ; 0          ; 0    ; 0            ; |lab1|datapath:dp|card7seg:playerdsp_2                                                                                                  ; work         ;
;       |card7seg:playerdsp_3|                 ; 7 (7)             ; 0 (0)        ; 0                 ; 0          ; 0    ; 0            ; |lab1|datapath:dp|card7seg:playerdsp_3                                                                                                  ; work         ;
;       |dealcard:carddealer|                  ; 4 (4)             ; 4 (4)        ; 0                 ; 0          ; 0    ; 0            ; |lab1|datapath:dp|dealcard:carddealer                                                                                                   ; work         ;
;       |flipflope:betamtreg|                  ; 0 (0)             ; 8 (8)        ; 0                 ; 0          ; 0    ; 0            ; |lab1|datapath:dp|flipflope:betamtreg                                                                                                   ; work         ;
;       |flipflope:bettypereg|                 ; 0 (0)             ; 2 (2)        ; 0                 ; 0          ; 0    ; 0            ; |lab1|datapath:dp|flipflope:bettypereg                                                                                                  ; work         ;
;       |flipflope:dealerreg_1|                ; 1 (1)             ; 4 (4)        ; 0                 ; 0          ; 0    ; 0            ; |lab1|datapath:dp|flipflope:dealerreg_1                                                                                                 ; work         ;
;       |flipflope:dealerreg_2|                ; 1 (1)             ; 4 (4)        ; 0                 ; 0          ; 0    ; 0            ; |lab1|datapath:dp|flipflope:dealerreg_2                                                                                                 ; work         ;
;       |flipflope:dealerreg_3|                ; 1 (1)             ; 4 (4)        ; 0                 ; 0          ; 0    ; 0            ; |lab1|datapath:dp|flipflope:dealerreg_3                                                                                                 ; work         ;
;       |flipflope:moneyerrff|                 ; 1 (1)             ; 1 (1)        ; 0                 ; 0          ; 0    ; 0            ; |lab1|datapath:dp|flipflope:moneyerrff                                                                                                  ; work         ;
;       |flipflope:playerreg_1|                ; 1 (1)             ; 4 (4)        ; 0                 ; 0          ; 0    ; 0            ; |lab1|datapath:dp|flipflope:playerreg_1                                                                                                 ; work         ;
;       |flipflope:playerreg_2|                ; 1 (1)             ; 4 (4)        ; 0                 ; 0          ; 0    ; 0            ; |lab1|datapath:dp|flipflope:playerreg_2                                                                                                 ; work         ;
;       |flipflope:playerreg_3|                ; 1 (1)             ; 4 (4)        ; 0                 ; 0          ; 0    ; 0            ; |lab1|datapath:dp|flipflope:playerreg_3                                                                                                 ; work         ;
;       |scorehand:dealerscore|                ; 51 (18)           ; 0 (0)        ; 0                 ; 0          ; 0    ; 0            ; |lab1|datapath:dp|scorehand:dealerscore                                                                                                 ; work         ;
;          |lpm_divide:Mod0|                   ; 33 (0)            ; 0 (0)        ; 0                 ; 0          ; 0    ; 0            ; |lab1|datapath:dp|scorehand:dealerscore|lpm_divide:Mod0                                                                                 ; work         ;
;             |lpm_divide_62m:auto_generated|  ; 33 (0)            ; 0 (0)        ; 0                 ; 0          ; 0    ; 0            ; |lab1|datapath:dp|scorehand:dealerscore|lpm_divide:Mod0|lpm_divide_62m:auto_generated                                                   ; work         ;
;                |sign_div_unsign_9kh:divider| ; 33 (0)            ; 0 (0)        ; 0                 ; 0          ; 0    ; 0            ; |lab1|datapath:dp|scorehand:dealerscore|lpm_divide:Mod0|lpm_divide_62m:auto_generated|sign_div_unsign_9kh:divider                       ; work         ;
;                   |alt_u_div_ose:divider|    ; 33 (33)           ; 0 (0)        ; 0                 ; 0          ; 0    ; 0            ; |lab1|datapath:dp|scorehand:dealerscore|lpm_divide:Mod0|lpm_divide_62m:auto_generated|sign_div_unsign_9kh:divider|alt_u_div_ose:divider ; work         ;
;       |scorehand:playerscore|                ; 52 (19)           ; 0 (0)        ; 0                 ; 0          ; 0    ; 0            ; |lab1|datapath:dp|scorehand:playerscore                                                                                                 ; work         ;
;          |lpm_divide:Mod0|                   ; 33 (0)            ; 0 (0)        ; 0                 ; 0          ; 0    ; 0            ; |lab1|datapath:dp|scorehand:playerscore|lpm_divide:Mod0                                                                                 ; work         ;
;             |lpm_divide_62m:auto_generated|  ; 33 (0)            ; 0 (0)        ; 0                 ; 0          ; 0    ; 0            ; |lab1|datapath:dp|scorehand:playerscore|lpm_divide:Mod0|lpm_divide_62m:auto_generated                                                   ; work         ;
;                |sign_div_unsign_9kh:divider| ; 33 (0)            ; 0 (0)        ; 0                 ; 0          ; 0    ; 0            ; |lab1|datapath:dp|scorehand:playerscore|lpm_divide:Mod0|lpm_divide_62m:auto_generated|sign_div_unsign_9kh:divider                       ; work         ;
;                   |alt_u_div_ose:divider|    ; 33 (33)           ; 0 (0)        ; 0                 ; 0          ; 0    ; 0            ; |lab1|datapath:dp|scorehand:playerscore|lpm_divide:Mod0|lpm_divide_62m:auto_generated|sign_div_unsign_9kh:divider|alt_u_div_ose:divider ; work         ;
;       |updatebalance:balanceupdater|         ; 45 (45)           ; 0 (0)        ; 0                 ; 0          ; 0    ; 0            ; |lab1|datapath:dp|updatebalance:balanceupdater                                                                                          ; work         ;
;    |statemachine:statem|                     ; 31 (31)           ; 4 (0)        ; 0                 ; 0          ; 0    ; 0            ; |lab1|statemachine:statem                                                                                                               ; work         ;
;       |flipflop:stateff|                     ; 0 (0)             ; 4 (4)        ; 0                 ; 0          ; 0    ; 0            ; |lab1|statemachine:statem|flipflop:stateff                                                                                              ; work         ;
+----------------------------------------------+-------------------+--------------+-------------------+------------+------+--------------+-----------------------------------------------------------------------------------------------------------------------------------------+--------------+
Note: For table entries with two numbers listed, the numbers in parentheses indicate the number of resources of the given type used by the specific entity alone. The numbers listed outside of parentheses indicate the total resources of the given type used by the specific entity and all of its sub-entities in the hierarchy.


+--------------------------------------------------------------------------------------+
; Registers Removed During Synthesis                                                   ;
+---------------------------------------------+----------------------------------------+
; Register name                               ; Reason for Removal                     ;
+---------------------------------------------+----------------------------------------+
; statemachine:statem|flipflop:stateff|out[4] ; Stuck at GND due to stuck port data_in ;
; Total Number of Removed Registers = 1       ;                                        ;
+---------------------------------------------+----------------------------------------+


+------------------------------------------------------+
; General Register Statistics                          ;
+----------------------------------------------+-------+
; Statistic                                    ; Value ;
+----------------------------------------------+-------+
; Total registers                              ; 51    ;
; Number of registers using Synchronous Clear  ; 1     ;
; Number of registers using Synchronous Load   ; 0     ;
; Number of registers using Asynchronous Clear ; 51    ;
; Number of registers using Asynchronous Load  ; 0     ;
; Number of registers using Clock Enable       ; 41    ;
; Number of registers using Preset             ; 0     ;
+----------------------------------------------+-------+


+----------------------------------------------------------+
; Inverted Register Statistics                             ;
+------------------------------------------------+---------+
; Inverted Register                              ; Fan out ;
+------------------------------------------------+---------+
; datapath:dp|betflipflop:balancer|out[6]        ; 6       ;
; datapath:dp|dealcard:carddealer|dealer_card[0] ; 10      ;
; Total number of inverted registers = 2         ;         ;
+------------------------------------------------+---------+


+-------------------------------------------------------------------------------------------------------------------------------------------------------------+
; Multiplexer Restructuring Statistics (Restructuring Performed)                                                                                              ;
+--------------------+-----------+---------------+----------------------+------------------------+------------+-----------------------------------------------+
; Multiplexer Inputs ; Bus Width ; Baseline Area ; Area if Restructured ; Saving if Restructured ; Registered ; Example Multiplexer Output                    ;
+--------------------+-----------+---------------+----------------------+------------------------+------------+-----------------------------------------------+
; 4:1                ; 3 bits    ; 6 LEs         ; 3 LEs                ; 3 LEs                  ; Yes        ; |lab1|datapath:dp|betflipflop:balancer|out[0] ;
; 6:1                ; 4 bits    ; 16 LEs        ; 8 LEs                ; 8 LEs                  ; Yes        ; |lab1|datapath:dp|betflipflop:balancer|out[3] ;
+--------------------+-----------+---------------+----------------------+------------------------+------------+-----------------------------------------------+


+-------------------------------------------------------------------------------+
; Parameter Settings for User Entity Instance: datapath:dp|flipflope:moneyerrff ;
+----------------+-------+------------------------------------------------------+
; Parameter Name ; Value ; Type                                                 ;
+----------------+-------+------------------------------------------------------+
; n              ; 1     ; Signed Integer                                       ;
+----------------+-------+------------------------------------------------------+
Note: In order to hide this table in the UI and the text report file, please set the "Show Parameter Settings in Synthesis Report" option in "Analysis and Synthesis Settings -> More Settings" to "Off".


+--------------------------------------------------------------------------------+
; Parameter Settings for User Entity Instance: datapath:dp|flipflope:playerreg_1 ;
+----------------+-------+-------------------------------------------------------+
; Parameter Name ; Value ; Type                                                  ;
+----------------+-------+-------------------------------------------------------+
; n              ; 4     ; Signed Integer                                        ;
+----------------+-------+-------------------------------------------------------+
Note: In order to hide this table in the UI and the text report file, please set the "Show Parameter Settings in Synthesis Report" option in "Analysis and Synthesis Settings -> More Settings" to "Off".


+--------------------------------------------------------------------------------+
; Parameter Settings for User Entity Instance: datapath:dp|flipflope:playerreg_2 ;
+----------------+-------+-------------------------------------------------------+
; Parameter Name ; Value ; Type                                                  ;
+----------------+-------+-------------------------------------------------------+
; n              ; 4     ; Signed Integer                                        ;
+----------------+-------+-------------------------------------------------------+
Note: In order to hide this table in the UI and the text report file, please set the "Show Parameter Settings in Synthesis Report" option in "Analysis and Synthesis Settings -> More Settings" to "Off".


+--------------------------------------------------------------------------------+
; Parameter Settings for User Entity Instance: datapath:dp|flipflope:playerreg_3 ;
+----------------+-------+-------------------------------------------------------+
; Parameter Name ; Value ; Type                                                  ;
+----------------+-------+-------------------------------------------------------+
; n              ; 4     ; Signed Integer                                        ;
+----------------+-------+-------------------------------------------------------+
Note: In order to hide this table in the UI and the text report file, please set the "Show Parameter Settings in Synthesis Report" option in "Analysis and Synthesis Settings -> More Settings" to "Off".


+--------------------------------------------------------------------------------+
; Parameter Settings for User Entity Instance: datapath:dp|flipflope:dealerreg_1 ;
+----------------+-------+-------------------------------------------------------+
; Parameter Name ; Value ; Type                                                  ;
+----------------+-------+-------------------------------------------------------+
; n              ; 4     ; Signed Integer                                        ;
+----------------+-------+-------------------------------------------------------+
Note: In order to hide this table in the UI and the text report file, please set the "Show Parameter Settings in Synthesis Report" option in "Analysis and Synthesis Settings -> More Settings" to "Off".


+--------------------------------------------------------------------------------+
; Parameter Settings for User Entity Instance: datapath:dp|flipflope:dealerreg_2 ;
+----------------+-------+-------------------------------------------------------+
; Parameter Name ; Value ; Type                                                  ;
+----------------+-------+-------------------------------------------------------+
; n              ; 4     ; Signed Integer                                        ;
+----------------+-------+-------------------------------------------------------+
Note: In order to hide this table in the UI and the text report file, please set the "Show Parameter Settings in Synthesis Report" option in "Analysis and Synthesis Settings -> More Settings" to "Off".


+--------------------------------------------------------------------------------+
; Parameter Settings for User Entity Instance: datapath:dp|flipflope:dealerreg_3 ;
+----------------+-------+-------------------------------------------------------+
; Parameter Name ; Value ; Type                                                  ;
+----------------+-------+-------------------------------------------------------+
; n              ; 4     ; Signed Integer                                        ;
+----------------+-------+-------------------------------------------------------+
Note: In order to hide this table in the UI and the text report file, please set the "Show Parameter Settings in Synthesis Report" option in "Analysis and Synthesis Settings -> More Settings" to "Off".


+-------------------------------------------------------------------------------+
; Parameter Settings for User Entity Instance: datapath:dp|flipflope:bettypereg ;
+----------------+-------+------------------------------------------------------+
; Parameter Name ; Value ; Type                                                 ;
+----------------+-------+------------------------------------------------------+
; n              ; 2     ; Signed Integer                                       ;
+----------------+-------+------------------------------------------------------+
Note: In order to hide this table in the UI and the text report file, please set the "Show Parameter Settings in Synthesis Report" option in "Analysis and Synthesis Settings -> More Settings" to "Off".


+------------------------------------------------------------------------------+
; Parameter Settings for User Entity Instance: datapath:dp|flipflope:betamtreg ;
+----------------+-------+-----------------------------------------------------+
; Parameter Name ; Value ; Type                                                ;
+----------------+-------+-----------------------------------------------------+
; n              ; 8     ; Signed Integer                                      ;
+----------------+-------+-----------------------------------------------------+
Note: In order to hide this table in the UI and the text report file, please set the "Show Parameter Settings in Synthesis Report" option in "Analysis and Synthesis Settings -> More Settings" to "Off".


+-----------------------------------------------------------------------------------+
; Parameter Settings for User Entity Instance: statemachine:statem|flipflop:stateff ;
+----------------+-------+----------------------------------------------------------+
; Parameter Name ; Value ; Type                                                     ;
+----------------+-------+----------------------------------------------------------+
; n              ; 5     ; Signed Integer                                           ;
+----------------+-------+----------------------------------------------------------+
Note: In order to hide this table in the UI and the text report file, please set the "Show Parameter Settings in Synthesis Report" option in "Analysis and Synthesis Settings -> More Settings" to "Off".


+----------------------------------------------------------------------------------------------------+
; Parameter Settings for Inferred Entity Instance: datapath:dp|scorehand:playerscore|lpm_divide:Mod0 ;
+------------------------+----------------+----------------------------------------------------------+
; Parameter Name         ; Value          ; Type                                                     ;
+------------------------+----------------+----------------------------------------------------------+
; LPM_WIDTHN             ; 6              ; Untyped                                                  ;
; LPM_WIDTHD             ; 4              ; Untyped                                                  ;
; LPM_NREPRESENTATION    ; UNSIGNED       ; Untyped                                                  ;
; LPM_DREPRESENTATION    ; UNSIGNED       ; Untyped                                                  ;
; LPM_PIPELINE           ; 0              ; Untyped                                                  ;
; LPM_REMAINDERPOSITIVE  ; TRUE           ; Untyped                                                  ;
; MAXIMIZE_SPEED         ; 5              ; Untyped                                                  ;
; CBXI_PARAMETER         ; lpm_divide_62m ; Untyped                                                  ;
; CARRY_CHAIN            ; MANUAL         ; Untyped                                                  ;
; OPTIMIZE_FOR_SPEED     ; 5              ; Untyped                                                  ;
; AUTO_CARRY_CHAINS      ; ON             ; AUTO_CARRY                                               ;
; IGNORE_CARRY_BUFFERS   ; OFF            ; IGNORE_CARRY                                             ;
; AUTO_CASCADE_CHAINS    ; ON             ; AUTO_CASCADE                                             ;
; IGNORE_CASCADE_BUFFERS ; OFF            ; IGNORE_CASCADE                                           ;
+------------------------+----------------+----------------------------------------------------------+
Note: In order to hide this table in the UI and the text report file, please set the "Show Parameter Settings in Synthesis Report" option in "Analysis and Synthesis Settings -> More Settings" to "Off".


+----------------------------------------------------------------------------------------------------+
; Parameter Settings for Inferred Entity Instance: datapath:dp|scorehand:dealerscore|lpm_divide:Mod0 ;
+------------------------+----------------+----------------------------------------------------------+
; Parameter Name         ; Value          ; Type                                                     ;
+------------------------+----------------+----------------------------------------------------------+
; LPM_WIDTHN             ; 6              ; Untyped                                                  ;
; LPM_WIDTHD             ; 4              ; Untyped                                                  ;
; LPM_NREPRESENTATION    ; UNSIGNED       ; Untyped                                                  ;
; LPM_DREPRESENTATION    ; UNSIGNED       ; Untyped                                                  ;
; LPM_PIPELINE           ; 0              ; Untyped                                                  ;
; LPM_REMAINDERPOSITIVE  ; TRUE           ; Untyped                                                  ;
; MAXIMIZE_SPEED         ; 5              ; Untyped                                                  ;
; CBXI_PARAMETER         ; lpm_divide_62m ; Untyped                                                  ;
; CARRY_CHAIN            ; MANUAL         ; Untyped                                                  ;
; OPTIMIZE_FOR_SPEED     ; 5              ; Untyped                                                  ;
; AUTO_CARRY_CHAINS      ; ON             ; AUTO_CARRY                                               ;
; IGNORE_CARRY_BUFFERS   ; OFF            ; IGNORE_CARRY                                             ;
; AUTO_CASCADE_CHAINS    ; ON             ; AUTO_CASCADE                                             ;
; IGNORE_CASCADE_BUFFERS ; OFF            ; IGNORE_CASCADE                                           ;
+------------------------+----------------+----------------------------------------------------------+
Note: In order to hide this table in the UI and the text report file, please set the "Show Parameter Settings in Synthesis Report" option in "Analysis and Synthesis Settings -> More Settings" to "Off".


+------------------------------------------------------------------+
; Port Connectivity Checks: "statemachine:statem|flipflop:stateff" ;
+-------+-------+----------+---------------------------------------+
; Port  ; Type  ; Severity ; Details                               ;
+-------+-------+----------+---------------------------------------+
; in[4] ; Input ; Info     ; Stuck at GND                          ;
+-------+-------+----------+---------------------------------------+


+-----------------------------------------------------+
; Post-Synthesis Netlist Statistics for Top Partition ;
+-----------------------+-----------------------------+
; Type                  ; Count                       ;
+-----------------------+-----------------------------+
; arriav_ff             ; 51                          ;
;     CLR               ; 9                           ;
;     CLR SCLR          ; 1                           ;
;     ENA CLR           ; 41                          ;
; arriav_lcell_comb     ; 285                         ;
;     arith             ; 46                          ;
;         0 data inputs ; 10                          ;
;         1 data inputs ; 7                           ;
;         2 data inputs ; 17                          ;
;         3 data inputs ; 10                          ;
;         4 data inputs ; 2                           ;
;     extend            ; 4                           ;
;         7 data inputs ; 4                           ;
;     normal            ; 205                         ;
;         1 data inputs ; 48                          ;
;         2 data inputs ; 26                          ;
;         3 data inputs ; 25                          ;
;         4 data inputs ; 63                          ;
;         5 data inputs ; 28                          ;
;         6 data inputs ; 15                          ;
;     shared            ; 30                          ;
;         0 data inputs ; 6                           ;
;         1 data inputs ; 8                           ;
;         2 data inputs ; 8                           ;
;         3 data inputs ; 8                           ;
; boundary_port         ; 67                          ;
;                       ;                             ;
; Max LUT depth         ; 12.30                       ;
; Average LUT depth     ; 7.25                        ;
+-----------------------+-----------------------------+


+-------------------------------+
; Elapsed Time Per Partition    ;
+----------------+--------------+
; Partition Name ; Elapsed Time ;
+----------------+--------------+
; Top            ; 00:00:04     ;
+----------------+--------------+


+-------------------------------+
; Analysis & Synthesis Messages ;
+-------------------------------+
Info: *******************************************************************
Info: Running Quartus II 64-Bit Analysis & Synthesis
    Info: Version 15.0.0 Build 145 04/22/2015 SJ Web Edition
    Info: Processing started: Thu Sep 22 10:16:30 2016
Info: Command: quartus_map --read_settings_files=on --write_settings_files=off lab1 -c lab1
Warning (20028): Parallel compilation is not licensed and has been disabled
Info (12021): Found 1 design units, including 1 entities, in source file updatebalance.v
    Info (12023): Found entity 1: updatebalance
Info (12021): Found 2 design units, including 2 entities, in source file statemachine.v
    Info (12023): Found entity 1: statemachine
    Info (12023): Found entity 2: flipflop
Info (12021): Found 1 design units, including 1 entities, in source file scorehand.v
    Info (12023): Found entity 1: scorehand
Info (12021): Found 1 design units, including 1 entities, in source file lab1.v
    Info (12023): Found entity 1: lab1
Info (12021): Found 1 design units, including 1 entities, in source file dealcard.v
    Info (12023): Found entity 1: dealcard
Info (12021): Found 3 design units, including 3 entities, in source file datapath.v
    Info (12023): Found entity 1: datapath
    Info (12023): Found entity 2: flipflope
    Info (12023): Found entity 3: betflipflop
Info (12021): Found 1 design units, including 1 entities, in source file card7seg.v
    Info (12023): Found entity 1: card7seg
Info (12127): Elaborating entity "lab1" for the top level hierarchy
Info (12128): Elaborating entity "datapath" for hierarchy "datapath:dp"
Info (12128): Elaborating entity "flipflope" for hierarchy "datapath:dp|flipflope:moneyerrff"
Info (12128): Elaborating entity "card7seg" for hierarchy "datapath:dp|card7seg:playerdsp_1"
Info (12128): Elaborating entity "flipflope" for hierarchy "datapath:dp|flipflope:playerreg_1"
Info (12128): Elaborating entity "scorehand" for hierarchy "datapath:dp|scorehand:playerscore"
Warning (10230): Verilog HDL assignment warning at scorehand.v(11): truncated value with size 32 to match size of target (4)
Info (12128): Elaborating entity "dealcard" for hierarchy "datapath:dp|dealcard:carddealer"
Info (12128): Elaborating entity "flipflope" for hierarchy "datapath:dp|flipflope:bettypereg"
Info (12128): Elaborating entity "flipflope" for hierarchy "datapath:dp|flipflope:betamtreg"
Info (12128): Elaborating entity "betflipflop" for hierarchy "datapath:dp|betflipflop:balancer"
Info (12128): Elaborating entity "updatebalance" for hierarchy "datapath:dp|updatebalance:balanceupdater"
Warning (10230): Verilog HDL assignment warning at updatebalance.v(18): truncated value with size 32 to match size of target (8)
Info (12128): Elaborating entity "statemachine" for hierarchy "statemachine:statem"
Info (12128): Elaborating entity "flipflop" for hierarchy "statemachine:statem|flipflop:stateff"
Info (278001): Inferred 2 megafunctions from design logic
    Info (278004): Inferred divider/modulo megafunction ("lpm_divide") from the following logic: "datapath:dp|scorehand:playerscore|Mod0"
    Info (278004): Inferred divider/modulo megafunction ("lpm_divide") from the following logic: "datapath:dp|scorehand:dealerscore|Mod0"
Info (12130): Elaborated megafunction instantiation "datapath:dp|scorehand:playerscore|lpm_divide:Mod0"
Info (12133): Instantiated megafunction "datapath:dp|scorehand:playerscore|lpm_divide:Mod0" with the following parameter:
    Info (12134): Parameter "LPM_WIDTHN" = "6"
    Info (12134): Parameter "LPM_WIDTHD" = "4"
    Info (12134): Parameter "LPM_NREPRESENTATION" = "UNSIGNED"
    Info (12134): Parameter "LPM_DREPRESENTATION" = "UNSIGNED"
Info (12021): Found 1 design units, including 1 entities, in source file db/lpm_divide_62m.tdf
    Info (12023): Found entity 1: lpm_divide_62m
Info (12021): Found 1 design units, including 1 entities, in source file db/sign_div_unsign_9kh.tdf
    Info (12023): Found entity 1: sign_div_unsign_9kh
Info (12021): Found 1 design units, including 1 entities, in source file db/alt_u_div_ose.tdf
    Info (12023): Found entity 1: alt_u_div_ose
Info (286030): Timing-Driven Synthesis is running
Info (144001): Generated suppressed messages file C:/Users/Peter/Desktop/LocalCPENGitRepo/CPEN311/lab1/Task3.4/output_files/lab1.map.smsg
Info (16010): Generating hard_block partition "hard_block:auto_generated_inst"
    Info (16011): Adding 0 node(s), including 0 DDIO, 0 PLL, 0 transceiver and 0 LCELL
Warning (21074): Design contains 1 input pin(s) that do not drive logic
    Warning (15610): No output dependent on input pin "KEY[1]"
Info (21057): Implemented 338 device resources after synthesis - the final resource count might be different
    Info (21058): Implemented 15 input pins
    Info (21059): Implemented 52 output pins
    Info (21061): Implemented 271 logic cells
Info: Quartus II 64-Bit Analysis & Synthesis was successful. 0 errors, 5 warnings
    Info: Peak virtual memory: 749 megabytes
    Info: Processing ended: Thu Sep 22 10:17:02 2016
    Info: Elapsed time: 00:00:32
    Info: Total CPU time (on all processors): 00:00:56


+------------------------------------------+
; Analysis & Synthesis Suppressed Messages ;
+------------------------------------------+
The suppressed messages can be found in C:/Users/Peter/Desktop/LocalCPENGitRepo/CPEN311/lab1/Task3.4/output_files/lab1.map.smsg.


